********************************************************************************
product = Open Liberty 20.0.0.7 (wlp-1.0.42.cl200720200625-0300)
wlp.install.dir = /home/mark/data/git-repos/libertyRest/target/liberty/wlp/
java.home = /usr/lib/jvm/java-1.8.0-openjdk-1.8.0.252.b09-1.fc32.x86_64/jre
java.version = 1.8.0_252
java.runtime = OpenJDK Runtime Environment (1.8.0_252-b09)
os = Linux (5.6.19-300.fc32.x86_64; amd64) (en_GB)
process = 676009@mark-fedora
********************************************************************************
[14/07/20 16:44:54:290 BST] 00000001 com.ibm.ws.kernel.launch.internal.FrameworkManager           A CWWKE0001I: The server defaultServer has been launched.
[14/07/20 16:44:54:521 BST] 00000014 com.ibm.ws.config.xml.internal.ServerXMLConfiguration        A CWWKG0093A: Processing configuration drop-ins resource: /home/mark/data/git-repos/libertyRest/target/liberty/wlp/usr/servers/defaultServer/configDropins/defaults/install_apps_configuration_1491924271.xml
[14/07/20 16:44:54:536 BST] 00000014 com.ibm.ws.config.xml.internal.ServerXMLConfiguration        A CWWKG0093A: Processing configuration drop-ins resource: /home/mark/data/git-repos/libertyRest/target/liberty/wlp/usr/servers/defaultServer/configDropins/overrides/liberty-plugin-variable-config.xml
[14/07/20 16:44:54:628 BST] 00000001 com.ibm.ws.kernel.launch.internal.FrameworkManager           I CWWKE0002I: The kernel started after 0.462 seconds
[14/07/20 16:44:54:635 BST] 0000001f com.ibm.ws.kernel.feature.internal.FeatureManager            I CWWKF0007I: Feature update started.
[14/07/20 16:44:54:747 BST] 00000017 com.ibm.ws.app.manager.internal.monitor.DropinMonitor        A CWWKZ0058I: Monitoring dropins for applications.
[14/07/20 16:44:54:902 BST] 00000016 g.apache.cxf.cxf.core.3.2:1.0.42.cl200720200625-0300(id=85)] I Aries Blueprint packages not available. So namespaces will not be registered
[14/07/20 16:44:54:962 BST] 00000026 com.ibm.ws.app.manager.AppMessageHelper                      W CWWKZ0014W: The application guide-rest-intro could not be started as it could not be found at location guide-rest-intro.war.
[14/07/20 16:44:54:975 BST] 00000027 com.ibm.ws.app.manager.AppMessageHelper                      I CWWKZ0018I: Starting application liberty-rest-app.
[14/07/20 16:44:54:976 BST] 00000027 bm.ws.app.manager.war.internal.WARDeployedAppInfoFactoryImpl I CWWKZ0134I: The liberty-rest-app application is using the loose application definition at the /home/mark/data/git-repos/libertyRest/target/liberty/wlp/usr/servers/defaultServer/apps/liberty-rest-app.war.xml location.
[14/07/20 16:44:55:290 BST] 00000027 com.ibm.ws.session.WASSessionCore                            I SESN8501I: The session manager did not find a persistent storage location; HttpSession objects will be stored in the local application server's memory.
[14/07/20 16:44:55:295 BST] 00000027 com.ibm.ws.webcontainer.osgi.webapp.WebGroup                 I SRVE0169I: Loading Web Module: Liberty Project.
[14/07/20 16:44:55:297 BST] 00000027 com.ibm.ws.webcontainer                                      I SRVE0250I: Web Module Liberty Project has been bound to default_host.
[14/07/20 16:44:55:297 BST] 00000027 com.ibm.ws.http.internal.VirtualHostImpl                     A CWWKT0016I: Web application available (default_host): http://mark-fedora:9080/liberty-rest-app/
[14/07/20 16:44:55:328 BST] 0000002d com.ibm.ws.session.WASSessionCore                            I SESN0176I: A new session context will be created for application key default_host/liberty-rest-app
[14/07/20 16:44:55:335 BST] 0000002d com.ibm.ws.util                                              I SESN0172I: The session manager is using the Java default SecureRandom implementation for session ID generation.
[14/07/20 16:44:55:343 BST] 0000002e com.ibm.ws.webcontainer.osgi.mbeans.PluginGenerator          I SRVE9103I: A configuration file for a web server plugin was automatically generated for this server at /home/mark/data/git-repos/libertyRest/target/liberty/wlp/usr/servers/defaultServer/logs/state/plugin-cfg.xml.
[14/07/20 16:44:55:358 BST] 0000002d com.ibm.ws.app.manager.AppMessageHelper                      A CWWKZ0001I: Application liberty-rest-app started in 0.383 seconds.
[14/07/20 16:44:55:368 BST] 0000001f com.ibm.ws.tcpchannel.internal.TCPPort                       I CWWKO0219I: TCP Channel defaultHttpEndpoint has been started and is now listening for requests on host *  (IPv6) port 9080.
[14/07/20 16:44:55:372 BST] 0000001f com.ibm.ws.kernel.feature.internal.FeatureManager            A CWWKF0012I: The server installed the following features: [jaxrs-2.1, jaxrsClient-2.1, jsonp-1.1, servlet-4.0].
[14/07/20 16:44:55:372 BST] 0000001f com.ibm.ws.kernel.feature.internal.FeatureManager            I CWWKF0008I: Feature update completed in 0.744 seconds.
[14/07/20 16:44:55:373 BST] 0000001f com.ibm.ws.kernel.feature.internal.FeatureManager            A CWWKF0011I: The defaultServer server is ready to run a smarter planet. The defaultServer server started in 1.207 seconds.
[14/07/20 16:45:10:497 BST] 00000033 g.apache.cxf.cxf.core.3.2:1.0.42.cl200720200625-0300(id=85)] I Setting the server's publish address to be /System/
[14/07/20 16:45:10:551 BST] 00000033 com.ibm.ws.webcontainer.servlet                              I SRVE0242I: [liberty-rest-app] [/liberty-rest-app] [io.openliberty.guides.rest.SystemApplication]: Initialization successful.
[14/07/20 16:47:44:952 BST] 00000010 com.ibm.ws.kernel.launch.internal.FrameworkManager           A CWWKE0085I: The server defaultServer is stopping because the JVM is exiting.
[14/07/20 16:47:44:961 BST] 00000038 com.ibm.ws.runtime.update.internal.RuntimeUpdateManagerImpl  A CWWKE1100I: Waiting for up to 30 seconds for the server to quiesce.
[14/07/20 16:47:44:974 BST] 0000001f com.ibm.ws.tcpchannel.internal.TCPChannel                    I CWWKO0220I: TCP Channel defaultHttpEndpoint has stopped listening for requests on host *  (IPv6) port 9080.
[14/07/20 16:47:44:976 BST] 0000001f com.ibm.ws.http.internal.VirtualHostImpl                     A CWWKT0017I: Web application removed (default_host): http://mark-fedora:9080/liberty-rest-app/
[14/07/20 16:47:44:981 BST] 00000038 com.ibm.ws.runtime.update.internal.RuntimeUpdateManagerImpl  I CWWKE1101I: Server quiesce complete.
[14/07/20 16:47:45:003 BST] 0000002a com.ibm.ws.app.manager.AppMessageHelper                      A CWWKZ0009I: The application liberty-rest-app has stopped successfully.
[14/07/20 16:47:45:132 BST] 00000011 com.ibm.ws.kernel.launch.internal.ServerCommandListener      A CWWKE0055I: Server shutdown requested on Tuesday, 14 July 2020 at 16:47. The server defaultServer is shutting down.
[14/07/20 16:47:45:151 BST] 00000001 com.ibm.ws.kernel.launch.internal.FrameworkManager           A CWWKE0036I: The server defaultServer stopped after 2 minutes, 50.985 seconds.
